2026-06-26 05:40:01,052 | INFO | ===== NOTEBOOK 02 STARTED =====
2026-06-26 05:40:01,097 | INFO | TOTAL TXT FILES : 30
2026-06-26 05:40:01,315 | INFO | PROCESSING : case_001.txt
2026-06-26 05:40:01,353 | INFO | Ringkasan fakta ditemukan
2026-06-26 05:40:01,356 | INFO | SUCCESS : case_001.txt
2026-06-26 05:40:01,357 | INFO | PROCESSING : case_002.txt
2026-06-26 05:40:01,376 | INFO | Ringkasan fakta ditemukan
2026-06-26 05:40:01,379 | INFO | SUCCESS : case_002.txt
2026-06-26 05:40:01,379 | INFO | PROCESSING : case_003.txt
2026-06-26 05:40:01,415 | INFO | Ringkasan fakta ditemukan
2026-06-26 05:40:01,418 | INFO | SUCCESS : case_003.txt
2026-06-26 05:40:01,419 | INFO | PROCESSING : case_004.txt
2026-06-26 05:40:01,445 | INFO | Ringkasan fakta ditemukan
2026-06-26 05:40:01,447 | INFO | SUCCESS : case_004.txt
2026-06-26 05:40:01,448 | INFO | PROCESSING : case_005.txt
2026-06-26 05:40:01,467 | INFO | Ringkasan fakta ditemukan
2026-06-26 05:40:01,471 | INFO | SUCCESS : case_005.txt
2026-06-26 05:40:01,471 | INFO | PROCESSING : case_006.txt
2026-06-26 05:40:01,529 | INFO | Ringkasan fakta ditemukan
2026-06-26 05:40:01,532 | INFO | SUCCESS : case_006.txt
2026-06-26 05:40:01,535 | INFO | PROCESSING : case_007.txt
2026-06-26 05:40:01,557 | INFO | Ringkasan fakta ditemukan
2026-06-26 05:40:01,559 | INFO | SUCCESS : case_007.txt
2026-06-26 05:40:01,560 | INFO | PROCESSING : case_008.txt
2026-06-26 05:40:01,581 | INFO | Ringkasan fakta ditemukan
2026-06-26 05:40:01,583 | INFO | SUCCESS : case_008.txt
2026-06-26 05:40:01,583 | INFO | PROCESSING : case_009.txt
2026-06-26 05:40:01,625 | INFO | Ringkasan fakta ditemukan
2026-06-26 05:40:01,628 | INFO | SUCCESS : case_009.txt
2026-06-26 05:40:01,628 | INFO | PROCESSING : case_010.txt
2026-06-26 05:40:01,662 | INFO | Ringkasan fakta ditemukan
2026-06-26 05:40:01,665 | INFO | SUCCESS : case_010.txt
2026-06-26 05:40:01,667 | INFO | PROCESSING : case_011.txt
2026-06-26 05:40:01,685 | INFO | Ringkasan fakta ditemukan
2026-06-26 05:40:01,687 | INFO | SUCCESS : case_011.txt
2026-06-26 05:40:01,688 | INFO | PROCESSING : case_012.txt
2026-06-26 05:40:01,705 | INFO | Ringkasan fakta ditemukan
2026-06-26 05:40:01,707 | INFO | SUCCESS : case_012.txt
2026-06-26 05:40:01,707 | INFO | PROCESSING : case_013.txt
2026-06-26 05:40:01,735 | INFO | Ringkasan fakta ditemukan
2026-06-26 05:40:01,738 | INFO | SUCCESS : case_013.txt
2026-06-26 05:40:01,738 | INFO | PROCESSING : case_014.txt
2026-06-26 05:40:01,759 | INFO | Ringkasan fakta ditemukan
2026-06-26 05:40:01,761 | INFO | SUCCESS : case_014.txt
2026-06-26 05:40:01,761 | INFO | PROCESSING : case_015.txt
2026-06-26 05:40:01,785 | INFO | Ringkasan fakta ditemukan
2026-06-26 05:40:01,787 | INFO | SUCCESS : case_015.txt
2026-06-26 05:40:01,789 | INFO | PROCESSING : case_016.txt
2026-06-26 05:40:01,830 | INFO | Ringkasan fakta ditemukan
2026-06-26 05:40:01,834 | INFO | SUCCESS : case_016.txt
2026-06-26 05:40:01,834 | INFO | PROCESSING : case_017.txt
2026-06-26 05:40:01,874 | INFO | Ringkasan fakta ditemukan
2026-06-26 05:40:01,877 | INFO | SUCCESS : case_017.txt
2026-06-26 05:40:01,878 | INFO | PROCESSING : case_018.txt
2026-06-26 05:40:01,909 | INFO | Ringkasan fakta ditemukan
2026-06-26 05:40:01,912 | INFO | SUCCESS : case_018.txt
2026-06-26 05:40:01,912 | INFO | PROCESSING : case_019.txt
2026-06-26 05:40:01,935 | INFO | Ringkasan fakta ditemukan
2026-06-26 05:40:01,937 | INFO | SUCCESS : case_019.txt
2026-06-26 05:40:01,940 | INFO | PROCESSING : case_020.txt
2026-06-26 05:40:01,994 | INFO | Ringkasan fakta ditemukan
2026-06-26 05:40:01,997 | INFO | SUCCESS : case_020.txt
2026-06-26 05:40:01,997 | INFO | PROCESSING : case_021.txt
2026-06-26 05:40:02,015 | INFO | Ringkasan fakta ditemukan
2026-06-26 05:40:02,017 | INFO | SUCCESS : case_021.txt
2026-06-26 05:40:02,017 | INFO | PROCESSING : case_022.txt
2026-06-26 05:40:02,037 | INFO | Ringkasan fakta ditemukan
2026-06-26 05:40:02,039 | INFO | SUCCESS : case_022.txt
2026-06-26 05:40:02,039 | INFO | PROCESSING : case_023.txt
2026-06-26 05:40:02,064 | INFO | Ringkasan fakta ditemukan
2026-06-26 05:40:02,066 | INFO | SUCCESS : case_023.txt
2026-06-26 05:40:02,069 | INFO | PROCESSING : case_024.txt
2026-06-26 05:40:02,124 | INFO | Ringkasan fakta ditemukan
2026-06-26 05:40:02,128 | INFO | SUCCESS : case_024.txt
2026-06-26 05:40:02,129 | INFO | PROCESSING : case_025.txt
2026-06-26 05:40:02,169 | INFO | Ringkasan fakta ditemukan
2026-06-26 05:40:02,172 | INFO | SUCCESS : case_025.txt
2026-06-26 05:40:02,172 | INFO | PROCESSING : case_026.txt
2026-06-26 05:40:02,225 | INFO | Ringkasan fakta ditemukan
2026-06-26 05:40:02,228 | INFO | SUCCESS : case_026.txt
2026-06-26 05:40:02,229 | INFO | PROCESSING : case_027.txt
2026-06-26 05:40:02,261 | INFO | Ringkasan fakta ditemukan
2026-06-26 05:40:02,267 | INFO | SUCCESS : case_027.txt
2026-06-26 05:40:02,272 | INFO | PROCESSING : case_028.txt
2026-06-26 05:40:02,338 | INFO | Ringkasan fakta ditemukan
2026-06-26 05:40:02,341 | INFO | SUCCESS : case_028.txt
2026-06-26 05:40:02,341 | INFO | PROCESSING : case_029.txt
2026-06-26 05:40:02,360 | INFO | Ringkasan fakta ditemukan
2026-06-26 05:40:02,365 | INFO | SUCCESS : case_029.txt
2026-06-26 05:40:02,366 | INFO | PROCESSING : case_030.txt
2026-06-26 05:40:02,377 | INFO | Ringkasan fakta ditemukan
2026-06-26 05:40:02,378 | INFO | SUCCESS : case_030.txt
2026-06-26 05:40:02,655 | INFO | CSV SAVED : /content/drive/MyDrive/2023-453_PenalaranKomputerB/SubCPMK3/perikanan/data/processed/cases.csv
2026-06-26 05:40:02,729 | INFO | JSON SAVED : /content/drive/MyDrive/2023-453_PenalaranKomputerB/SubCPMK3/perikanan/data/processed/cases.json
2026-06-26 05:40:02,810 | INFO | ===== NOTEBOOK 02 FINISHED =====
