2026-06-26 05:41:55,168 | INFO | ===== NOTEBOOK 03 STARTED =====
2026-06-26 05:41:55,833 | INFO | VALID DOCUMENTS: 30
2026-06-26 05:41:55,960 | INFO | TF-IDF COMPLETED
2026-06-26 05:41:55,979 | INFO | BM25 INITIALIZED
2026-06-26 05:41:55,993 | INFO | No device provided, using cpu
2026-06-26 05:41:57,112 | INFO | HTTP Request: GET https://huggingface.co/api/agent-harnesses "HTTP/1.1 200 OK"
2026-06-26 05:41:57,162 | INFO | HTTP Request: HEAD https://huggingface.co/sentence-transformers/paraphrase-multilingual-MiniLM-L12-v2/resolve/main/modules.json "HTTP/1.1 307 Temporary Redirect"
2026-06-26 05:41:57,163 | WARNING | Warning: You are sending unauthenticated requests to the HF Hub. Please set a HF_TOKEN to enable higher rate limits and faster downloads.
2026-06-26 05:41:57,180 | INFO | HTTP Request: HEAD https://huggingface.co/api/resolve-cache/models/sentence-transformers/paraphrase-multilingual-MiniLM-L12-v2/e8f8c211226b894fcb81acc59f3b34ba3efd5f42/modules.json "HTTP/1.1 200 OK"
2026-06-26 05:41:57,199 | INFO | HTTP Request: GET https://huggingface.co/api/resolve-cache/models/sentence-transformers/paraphrase-multilingual-MiniLM-L12-v2/e8f8c211226b894fcb81acc59f3b34ba3efd5f42/modules.json "HTTP/1.1 200 OK"
2026-06-26 05:41:57,277 | INFO | HTTP Request: HEAD https://huggingface.co/sentence-transformers/paraphrase-multilingual-MiniLM-L12-v2/resolve/main/config_sentence_transformers.json "HTTP/1.1 307 Temporary Redirect"
2026-06-26 05:41:57,294 | INFO | HTTP Request: HEAD https://huggingface.co/api/resolve-cache/models/sentence-transformers/paraphrase-multilingual-MiniLM-L12-v2/e8f8c211226b894fcb81acc59f3b34ba3efd5f42/config_sentence_transformers.json "HTTP/1.1 200 OK"
2026-06-26 05:41:57,312 | INFO | HTTP Request: GET https://huggingface.co/api/resolve-cache/models/sentence-transformers/paraphrase-multilingual-MiniLM-L12-v2/e8f8c211226b894fcb81acc59f3b34ba3efd5f42/config_sentence_transformers.json "HTTP/1.1 200 OK"
2026-06-26 05:41:57,330 | INFO | Loading SentenceTransformer model from sentence-transformers/paraphrase-multilingual-MiniLM-L12-v2.
2026-06-26 05:41:57,375 | INFO | HTTP Request: HEAD https://huggingface.co/sentence-transformers/paraphrase-multilingual-MiniLM-L12-v2/resolve/main/config_sentence_transformers.json "HTTP/1.1 307 Temporary Redirect"
2026-06-26 05:41:57,392 | INFO | HTTP Request: HEAD https://huggingface.co/api/resolve-cache/models/sentence-transformers/paraphrase-multilingual-MiniLM-L12-v2/e8f8c211226b894fcb81acc59f3b34ba3efd5f42/config_sentence_transformers.json "HTTP/1.1 200 OK"
2026-06-26 05:41:57,440 | INFO | HTTP Request: HEAD https://huggingface.co/sentence-transformers/paraphrase-multilingual-MiniLM-L12-v2/resolve/main/README.md "HTTP/1.1 307 Temporary Redirect"
2026-06-26 05:41:57,457 | INFO | HTTP Request: HEAD https://huggingface.co/api/resolve-cache/models/sentence-transformers/paraphrase-multilingual-MiniLM-L12-v2/e8f8c211226b894fcb81acc59f3b34ba3efd5f42/README.md "HTTP/1.1 200 OK"
2026-06-26 05:41:57,475 | INFO | HTTP Request: GET https://huggingface.co/api/resolve-cache/models/sentence-transformers/paraphrase-multilingual-MiniLM-L12-v2/e8f8c211226b894fcb81acc59f3b34ba3efd5f42/README.md "HTTP/1.1 200 OK"
2026-06-26 05:41:57,538 | INFO | HTTP Request: HEAD https://huggingface.co/sentence-transformers/paraphrase-multilingual-MiniLM-L12-v2/resolve/main/modules.json "HTTP/1.1 307 Temporary Redirect"
2026-06-26 05:41:57,554 | INFO | HTTP Request: HEAD https://huggingface.co/api/resolve-cache/models/sentence-transformers/paraphrase-multilingual-MiniLM-L12-v2/e8f8c211226b894fcb81acc59f3b34ba3efd5f42/modules.json "HTTP/1.1 200 OK"
2026-06-26 05:41:57,602 | INFO | HTTP Request: HEAD https://huggingface.co/sentence-transformers/paraphrase-multilingual-MiniLM-L12-v2/resolve/main/sentence_bert_config.json "HTTP/1.1 307 Temporary Redirect"
2026-06-26 05:41:57,619 | INFO | HTTP Request: HEAD https://huggingface.co/api/resolve-cache/models/sentence-transformers/paraphrase-multilingual-MiniLM-L12-v2/e8f8c211226b894fcb81acc59f3b34ba3efd5f42/sentence_bert_config.json "HTTP/1.1 200 OK"
2026-06-26 05:41:57,636 | INFO | HTTP Request: GET https://huggingface.co/api/resolve-cache/models/sentence-transformers/paraphrase-multilingual-MiniLM-L12-v2/e8f8c211226b894fcb81acc59f3b34ba3efd5f42/sentence_bert_config.json "HTTP/1.1 200 OK"
2026-06-26 05:41:57,700 | INFO | HTTP Request: HEAD https://huggingface.co/sentence-transformers/paraphrase-multilingual-MiniLM-L12-v2/resolve/main/adapter_config.json "HTTP/1.1 404 Not Found"
2026-06-26 05:41:57,752 | INFO | HTTP Request: HEAD https://huggingface.co/sentence-transformers/paraphrase-multilingual-MiniLM-L12-v2/resolve/main/config.json "HTTP/1.1 307 Temporary Redirect"
2026-06-26 05:41:57,768 | INFO | HTTP Request: HEAD https://huggingface.co/api/resolve-cache/models/sentence-transformers/paraphrase-multilingual-MiniLM-L12-v2/e8f8c211226b894fcb81acc59f3b34ba3efd5f42/config.json "HTTP/1.1 200 OK"
2026-06-26 05:41:57,785 | INFO | HTTP Request: GET https://huggingface.co/api/resolve-cache/models/sentence-transformers/paraphrase-multilingual-MiniLM-L12-v2/e8f8c211226b894fcb81acc59f3b34ba3efd5f42/config.json "HTTP/1.1 200 OK"
2026-06-26 05:41:57,918 | INFO | HTTP Request: HEAD https://huggingface.co/sentence-transformers/paraphrase-multilingual-MiniLM-L12-v2/resolve/main/config.json "HTTP/1.1 307 Temporary Redirect"
2026-06-26 05:41:57,934 | INFO | HTTP Request: HEAD https://huggingface.co/api/resolve-cache/models/sentence-transformers/paraphrase-multilingual-MiniLM-L12-v2/e8f8c211226b894fcb81acc59f3b34ba3efd5f42/config.json "HTTP/1.1 200 OK"
2026-06-26 05:41:57,985 | INFO | HTTP Request: HEAD https://huggingface.co/sentence-transformers/paraphrase-multilingual-MiniLM-L12-v2/resolve/main/model.safetensors "HTTP/1.1 302 Found"
2026-06-26 05:42:01,355 | INFO | HTTP Request: HEAD https://huggingface.co/sentence-transformers/paraphrase-multilingual-MiniLM-L12-v2/resolve/main/processor_config.json "HTTP/1.1 404 Not Found"
2026-06-26 05:42:01,413 | INFO | HTTP Request: HEAD https://huggingface.co/sentence-transformers/paraphrase-multilingual-MiniLM-L12-v2/resolve/main/preprocessor_config.json "HTTP/1.1 404 Not Found"
2026-06-26 05:42:01,463 | INFO | HTTP Request: HEAD https://huggingface.co/sentence-transformers/paraphrase-multilingual-MiniLM-L12-v2/resolve/main/video_preprocessor_config.json "HTTP/1.1 404 Not Found"
2026-06-26 05:42:01,511 | INFO | HTTP Request: HEAD https://huggingface.co/sentence-transformers/paraphrase-multilingual-MiniLM-L12-v2/resolve/main/preprocessor_config.json "HTTP/1.1 404 Not Found"
2026-06-26 05:42:01,556 | INFO | HTTP Request: HEAD https://huggingface.co/sentence-transformers/paraphrase-multilingual-MiniLM-L12-v2/resolve/main/tokenizer_config.json "HTTP/1.1 307 Temporary Redirect"
2026-06-26 05:42:01,574 | INFO | HTTP Request: HEAD https://huggingface.co/api/resolve-cache/models/sentence-transformers/paraphrase-multilingual-MiniLM-L12-v2/e8f8c211226b894fcb81acc59f3b34ba3efd5f42/tokenizer_config.json "HTTP/1.1 200 OK"
2026-06-26 05:42:01,592 | INFO | HTTP Request: GET https://huggingface.co/api/resolve-cache/models/sentence-transformers/paraphrase-multilingual-MiniLM-L12-v2/e8f8c211226b894fcb81acc59f3b34ba3efd5f42/tokenizer_config.json "HTTP/1.1 200 OK"
2026-06-26 05:42:01,654 | INFO | HTTP Request: HEAD https://huggingface.co/sentence-transformers/paraphrase-multilingual-MiniLM-L12-v2/resolve/main/config.json "HTTP/1.1 307 Temporary Redirect"
2026-06-26 05:42:01,673 | INFO | HTTP Request: HEAD https://huggingface.co/api/resolve-cache/models/sentence-transformers/paraphrase-multilingual-MiniLM-L12-v2/e8f8c211226b894fcb81acc59f3b34ba3efd5f42/config.json "HTTP/1.1 200 OK"
2026-06-26 05:42:01,723 | INFO | HTTP Request: HEAD https://huggingface.co/sentence-transformers/paraphrase-multilingual-MiniLM-L12-v2/resolve/main/config.json "HTTP/1.1 307 Temporary Redirect"
2026-06-26 05:42:01,740 | INFO | HTTP Request: HEAD https://huggingface.co/api/resolve-cache/models/sentence-transformers/paraphrase-multilingual-MiniLM-L12-v2/e8f8c211226b894fcb81acc59f3b34ba3efd5f42/config.json "HTTP/1.1 200 OK"
2026-06-26 05:42:01,793 | INFO | HTTP Request: HEAD https://huggingface.co/sentence-transformers/paraphrase-multilingual-MiniLM-L12-v2/resolve/main/tokenizer_config.json "HTTP/1.1 307 Temporary Redirect"
2026-06-26 05:42:01,809 | INFO | HTTP Request: HEAD https://huggingface.co/api/resolve-cache/models/sentence-transformers/paraphrase-multilingual-MiniLM-L12-v2/e8f8c211226b894fcb81acc59f3b34ba3efd5f42/tokenizer_config.json "HTTP/1.1 200 OK"
2026-06-26 05:42:01,856 | INFO | HTTP Request: HEAD https://huggingface.co/sentence-transformers/paraphrase-multilingual-MiniLM-L12-v2/resolve/main/tokenizer_config.json "HTTP/1.1 307 Temporary Redirect"
2026-06-26 05:42:01,872 | INFO | HTTP Request: HEAD https://huggingface.co/api/resolve-cache/models/sentence-transformers/paraphrase-multilingual-MiniLM-L12-v2/e8f8c211226b894fcb81acc59f3b34ba3efd5f42/tokenizer_config.json "HTTP/1.1 200 OK"
2026-06-26 05:42:01,920 | INFO | HTTP Request: GET https://huggingface.co/api/models/sentence-transformers/paraphrase-multilingual-MiniLM-L12-v2/tree/main/additional_chat_templates?recursive=false&expand=false "HTTP/1.1 404 Not Found"
2026-06-26 05:42:01,970 | INFO | HTTP Request: GET https://huggingface.co/api/models/sentence-transformers/paraphrase-multilingual-MiniLM-L12-v2/tree/main?recursive=true&expand=false "HTTP/1.1 200 OK"
2026-06-26 05:42:02,020 | INFO | HTTP Request: HEAD https://huggingface.co/sentence-transformers/paraphrase-multilingual-MiniLM-L12-v2/resolve/main/tokenizer.json "HTTP/1.1 302 Found"
2026-06-26 05:42:02,713 | INFO | HTTP Request: HEAD https://huggingface.co/sentence-transformers/paraphrase-multilingual-MiniLM-L12-v2/resolve/main/tokenizer.model "HTTP/1.1 404 Not Found"
2026-06-26 05:42:02,758 | INFO | HTTP Request: HEAD https://huggingface.co/sentence-transformers/paraphrase-multilingual-MiniLM-L12-v2/resolve/main/added_tokens.json "HTTP/1.1 404 Not Found"
2026-06-26 05:42:02,806 | INFO | HTTP Request: HEAD https://huggingface.co/sentence-transformers/paraphrase-multilingual-MiniLM-L12-v2/resolve/main/special_tokens_map.json "HTTP/1.1 307 Temporary Redirect"
2026-06-26 05:42:02,823 | INFO | HTTP Request: HEAD https://huggingface.co/api/resolve-cache/models/sentence-transformers/paraphrase-multilingual-MiniLM-L12-v2/e8f8c211226b894fcb81acc59f3b34ba3efd5f42/special_tokens_map.json "HTTP/1.1 200 OK"
2026-06-26 05:42:02,840 | INFO | HTTP Request: GET https://huggingface.co/api/resolve-cache/models/sentence-transformers/paraphrase-multilingual-MiniLM-L12-v2/e8f8c211226b894fcb81acc59f3b34ba3efd5f42/special_tokens_map.json "HTTP/1.1 200 OK"
2026-06-26 05:42:02,945 | INFO | HTTP Request: HEAD https://huggingface.co/sentence-transformers/paraphrase-multilingual-MiniLM-L12-v2/resolve/main/chat_template.jinja "HTTP/1.1 404 Not Found"
2026-06-26 05:42:05,429 | INFO | HTTP Request: GET https://huggingface.co/api/models/sentence-transformers/paraphrase-multilingual-MiniLM-L12-v2 "HTTP/1.1 200 OK"
2026-06-26 05:42:05,862 | INFO | HTTP Request: HEAD https://huggingface.co/sentence-transformers/paraphrase-multilingual-MiniLM-L12-v2/resolve/main/1_Pooling/config.json "HTTP/1.1 307 Temporary Redirect"
2026-06-26 05:42:05,880 | INFO | HTTP Request: HEAD https://huggingface.co/api/resolve-cache/models/sentence-transformers/paraphrase-multilingual-MiniLM-L12-v2/e8f8c211226b894fcb81acc59f3b34ba3efd5f42/1_Pooling%2Fconfig.json "HTTP/1.1 200 OK"
2026-06-26 05:42:05,897 | INFO | HTTP Request: GET https://huggingface.co/api/resolve-cache/models/sentence-transformers/paraphrase-multilingual-MiniLM-L12-v2/e8f8c211226b894fcb81acc59f3b34ba3efd5f42/1_Pooling%2Fconfig.json "HTTP/1.1 200 OK"
2026-06-26 05:42:05,962 | INFO | HTTP Request: GET https://huggingface.co/api/models/sentence-transformers/paraphrase-multilingual-MiniLM-L12-v2 "HTTP/1.1 200 OK"
2026-06-26 05:42:10,641 | INFO | BERT EMBEDDINGS CREATED
2026-06-26 05:42:10,656 | INFO | No device provided, using cpu
2026-06-26 05:42:10,707 | INFO | HTTP Request: HEAD https://huggingface.co/cross-encoder/ms-marco-MiniLM-L-6-v2/resolve/main/modules.json "HTTP/1.1 307 Temporary Redirect"
2026-06-26 05:42:10,757 | INFO | HTTP Request: HEAD https://huggingface.co/cross-encoder/ms-marco-MiniLM-L6-v2/resolve/main/modules.json "HTTP/1.1 404 Not Found"
2026-06-26 05:42:10,758 | INFO | No modules.json found for cross-encoder/ms-marco-MiniLM-L-6-v2, initializing a new CrossEncoder model.
2026-06-26 05:42:10,806 | INFO | HTTP Request: GET https://huggingface.co/api/models/cross-encoder/ms-marco-MiniLM-L-6-v2 "HTTP/1.1 307 Temporary Redirect"
2026-06-26 05:42:10,883 | INFO | HTTP Request: GET https://huggingface.co/api/models/cross-encoder/ms-marco-MiniLM-L6-v2 "HTTP/1.1 200 OK"
2026-06-26 05:42:10,934 | INFO | HTTP Request: HEAD https://huggingface.co/cross-encoder/ms-marco-MiniLM-L-6-v2/resolve/main/config.json "HTTP/1.1 307 Temporary Redirect"
2026-06-26 05:42:10,978 | INFO | HTTP Request: HEAD https://huggingface.co/cross-encoder/ms-marco-MiniLM-L6-v2/resolve/main/config.json "HTTP/1.1 307 Temporary Redirect"
2026-06-26 05:42:10,996 | INFO | HTTP Request: HEAD https://huggingface.co/api/resolve-cache/models/cross-encoder/ms-marco-MiniLM-L6-v2/c5ee24cb16019beea0893ab7796b1df96625c6b8/config.json "HTTP/1.1 200 OK"
2026-06-26 05:42:11,014 | INFO | HTTP Request: GET https://huggingface.co/api/resolve-cache/models/cross-encoder/ms-marco-MiniLM-L6-v2/c5ee24cb16019beea0893ab7796b1df96625c6b8/config.json "HTTP/1.1 200 OK"
2026-06-26 05:42:11,085 | INFO | HTTP Request: HEAD https://huggingface.co/cross-encoder/ms-marco-MiniLM-L-6-v2/resolve/main/adapter_config.json "HTTP/1.1 307 Temporary Redirect"
2026-06-26 05:42:11,129 | INFO | HTTP Request: HEAD https://huggingface.co/cross-encoder/ms-marco-MiniLM-L6-v2/resolve/main/adapter_config.json "HTTP/1.1 404 Not Found"
2026-06-26 05:42:11,176 | INFO | HTTP Request: HEAD https://huggingface.co/cross-encoder/ms-marco-MiniLM-L-6-v2/resolve/main/config.json "HTTP/1.1 307 Temporary Redirect"
2026-06-26 05:42:11,219 | INFO | HTTP Request: HEAD https://huggingface.co/cross-encoder/ms-marco-MiniLM-L6-v2/resolve/main/config.json "HTTP/1.1 307 Temporary Redirect"
2026-06-26 05:42:11,235 | INFO | HTTP Request: HEAD https://huggingface.co/api/resolve-cache/models/cross-encoder/ms-marco-MiniLM-L6-v2/c5ee24cb16019beea0893ab7796b1df96625c6b8/config.json "HTTP/1.1 200 OK"
2026-06-26 05:42:11,289 | INFO | HTTP Request: HEAD https://huggingface.co/cross-encoder/ms-marco-MiniLM-L-6-v2/resolve/main/config.json "HTTP/1.1 307 Temporary Redirect"
2026-06-26 05:42:11,334 | INFO | HTTP Request: HEAD https://huggingface.co/cross-encoder/ms-marco-MiniLM-L6-v2/resolve/main/config.json "HTTP/1.1 307 Temporary Redirect"
2026-06-26 05:42:11,350 | INFO | HTTP Request: HEAD https://huggingface.co/api/resolve-cache/models/cross-encoder/ms-marco-MiniLM-L6-v2/c5ee24cb16019beea0893ab7796b1df96625c6b8/config.json "HTTP/1.1 200 OK"
2026-06-26 05:42:11,396 | INFO | HTTP Request: HEAD https://huggingface.co/cross-encoder/ms-marco-MiniLM-L-6-v2/resolve/main/model.safetensors "HTTP/1.1 307 Temporary Redirect"
2026-06-26 05:42:11,441 | INFO | HTTP Request: HEAD https://huggingface.co/cross-encoder/ms-marco-MiniLM-L6-v2/resolve/main/model.safetensors "HTTP/1.1 302 Found"
2026-06-26 05:42:12,865 | INFO | HTTP Request: HEAD https://huggingface.co/cross-encoder/ms-marco-MiniLM-L-6-v2/resolve/main/processor_config.json "HTTP/1.1 307 Temporary Redirect"
2026-06-26 05:42:12,914 | INFO | HTTP Request: HEAD https://huggingface.co/cross-encoder/ms-marco-MiniLM-L6-v2/resolve/main/processor_config.json "HTTP/1.1 404 Not Found"
2026-06-26 05:42:12,960 | INFO | HTTP Request: HEAD https://huggingface.co/cross-encoder/ms-marco-MiniLM-L-6-v2/resolve/main/preprocessor_config.json "HTTP/1.1 307 Temporary Redirect"
2026-06-26 05:42:13,006 | INFO | HTTP Request: HEAD https://huggingface.co/cross-encoder/ms-marco-MiniLM-L6-v2/resolve/main/preprocessor_config.json "HTTP/1.1 404 Not Found"
2026-06-26 05:42:13,056 | INFO | HTTP Request: HEAD https://huggingface.co/cross-encoder/ms-marco-MiniLM-L-6-v2/resolve/main/video_preprocessor_config.json "HTTP/1.1 307 Temporary Redirect"
2026-06-26 05:42:13,105 | INFO | HTTP Request: HEAD https://huggingface.co/cross-encoder/ms-marco-MiniLM-L6-v2/resolve/main/video_preprocessor_config.json "HTTP/1.1 404 Not Found"
2026-06-26 05:42:13,150 | INFO | HTTP Request: HEAD https://huggingface.co/cross-encoder/ms-marco-MiniLM-L-6-v2/resolve/main/preprocessor_config.json "HTTP/1.1 307 Temporary Redirect"
2026-06-26 05:42:13,202 | INFO | HTTP Request: HEAD https://huggingface.co/cross-encoder/ms-marco-MiniLM-L6-v2/resolve/main/preprocessor_config.json "HTTP/1.1 404 Not Found"
2026-06-26 05:42:13,247 | INFO | HTTP Request: HEAD https://huggingface.co/cross-encoder/ms-marco-MiniLM-L-6-v2/resolve/main/tokenizer_config.json "HTTP/1.1 307 Temporary Redirect"
2026-06-26 05:42:13,292 | INFO | HTTP Request: HEAD https://huggingface.co/cross-encoder/ms-marco-MiniLM-L6-v2/resolve/main/tokenizer_config.json "HTTP/1.1 307 Temporary Redirect"
2026-06-26 05:42:13,309 | INFO | HTTP Request: HEAD https://huggingface.co/api/resolve-cache/models/cross-encoder/ms-marco-MiniLM-L6-v2/c5ee24cb16019beea0893ab7796b1df96625c6b8/tokenizer_config.json "HTTP/1.1 200 OK"
2026-06-26 05:42:13,327 | INFO | HTTP Request: GET https://huggingface.co/api/resolve-cache/models/cross-encoder/ms-marco-MiniLM-L6-v2/c5ee24cb16019beea0893ab7796b1df96625c6b8/tokenizer_config.json "HTTP/1.1 200 OK"
2026-06-26 05:42:13,392 | INFO | HTTP Request: HEAD https://huggingface.co/cross-encoder/ms-marco-MiniLM-L-6-v2/resolve/main/config.json "HTTP/1.1 307 Temporary Redirect"
2026-06-26 05:42:13,440 | INFO | HTTP Request: HEAD https://huggingface.co/cross-encoder/ms-marco-MiniLM-L6-v2/resolve/main/config.json "HTTP/1.1 307 Temporary Redirect"
2026-06-26 05:42:13,497 | INFO | HTTP Request: HEAD https://huggingface.co/api/resolve-cache/models/cross-encoder/ms-marco-MiniLM-L6-v2/c5ee24cb16019beea0893ab7796b1df96625c6b8/config.json "HTTP/1.1 200 OK"
2026-06-26 05:42:13,542 | INFO | HTTP Request: HEAD https://huggingface.co/cross-encoder/ms-marco-MiniLM-L-6-v2/resolve/main/config.json "HTTP/1.1 307 Temporary Redirect"
2026-06-26 05:42:13,588 | INFO | HTTP Request: HEAD https://huggingface.co/cross-encoder/ms-marco-MiniLM-L6-v2/resolve/main/config.json "HTTP/1.1 307 Temporary Redirect"
2026-06-26 05:42:13,604 | INFO | HTTP Request: HEAD https://huggingface.co/api/resolve-cache/models/cross-encoder/ms-marco-MiniLM-L6-v2/c5ee24cb16019beea0893ab7796b1df96625c6b8/config.json "HTTP/1.1 200 OK"
2026-06-26 05:42:13,657 | INFO | HTTP Request: HEAD https://huggingface.co/cross-encoder/ms-marco-MiniLM-L-6-v2/resolve/main/tokenizer_config.json "HTTP/1.1 307 Temporary Redirect"
2026-06-26 05:42:13,704 | INFO | HTTP Request: HEAD https://huggingface.co/cross-encoder/ms-marco-MiniLM-L6-v2/resolve/main/tokenizer_config.json "HTTP/1.1 307 Temporary Redirect"
2026-06-26 05:42:13,719 | INFO | HTTP Request: HEAD https://huggingface.co/api/resolve-cache/models/cross-encoder/ms-marco-MiniLM-L6-v2/c5ee24cb16019beea0893ab7796b1df96625c6b8/tokenizer_config.json "HTTP/1.1 200 OK"
2026-06-26 05:42:13,772 | INFO | HTTP Request: GET https://huggingface.co/api/models/cross-encoder/ms-marco-MiniLM-L-6-v2/tree/main/additional_chat_templates?recursive=false&expand=false "HTTP/1.1 307 Temporary Redirect"
2026-06-26 05:42:13,820 | INFO | HTTP Request: GET https://huggingface.co/api/models/cross-encoder/ms-marco-MiniLM-L6-v2/tree/main/additional_chat_templates?recursive=false&expand=false "HTTP/1.1 404 Not Found"
2026-06-26 05:42:13,868 | INFO | HTTP Request: GET https://huggingface.co/api/models/cross-encoder/ms-marco-MiniLM-L-6-v2/tree/main?recursive=true&expand=false "HTTP/1.1 307 Temporary Redirect"
2026-06-26 05:42:13,920 | INFO | HTTP Request: GET https://huggingface.co/api/models/cross-encoder/ms-marco-MiniLM-L6-v2/tree/main?recursive=true&expand=false "HTTP/1.1 200 OK"
2026-06-26 05:42:13,964 | INFO | HTTP Request: HEAD https://huggingface.co/cross-encoder/ms-marco-MiniLM-L-6-v2/resolve/main/vocab.txt "HTTP/1.1 307 Temporary Redirect"
2026-06-26 05:42:14,007 | INFO | HTTP Request: HEAD https://huggingface.co/cross-encoder/ms-marco-MiniLM-L6-v2/resolve/main/vocab.txt "HTTP/1.1 307 Temporary Redirect"
2026-06-26 05:42:14,024 | INFO | HTTP Request: HEAD https://huggingface.co/api/resolve-cache/models/cross-encoder/ms-marco-MiniLM-L6-v2/c5ee24cb16019beea0893ab7796b1df96625c6b8/vocab.txt "HTTP/1.1 200 OK"
2026-06-26 05:42:14,042 | INFO | HTTP Request: GET https://huggingface.co/api/resolve-cache/models/cross-encoder/ms-marco-MiniLM-L6-v2/c5ee24cb16019beea0893ab7796b1df96625c6b8/vocab.txt "HTTP/1.1 200 OK"
2026-06-26 05:42:14,131 | INFO | HTTP Request: HEAD https://huggingface.co/cross-encoder/ms-marco-MiniLM-L-6-v2/resolve/main/tokenizer.json "HTTP/1.1 307 Temporary Redirect"
2026-06-26 05:42:14,179 | INFO | HTTP Request: HEAD https://huggingface.co/cross-encoder/ms-marco-MiniLM-L6-v2/resolve/main/tokenizer.json "HTTP/1.1 307 Temporary Redirect"
2026-06-26 05:42:14,196 | INFO | HTTP Request: HEAD https://huggingface.co/api/resolve-cache/models/cross-encoder/ms-marco-MiniLM-L6-v2/c5ee24cb16019beea0893ab7796b1df96625c6b8/tokenizer.json "HTTP/1.1 200 OK"
2026-06-26 05:42:14,214 | INFO | HTTP Request: GET https://huggingface.co/api/resolve-cache/models/cross-encoder/ms-marco-MiniLM-L6-v2/c5ee24cb16019beea0893ab7796b1df96625c6b8/tokenizer.json "HTTP/1.1 200 OK"
2026-06-26 05:42:14,291 | INFO | HTTP Request: HEAD https://huggingface.co/cross-encoder/ms-marco-MiniLM-L-6-v2/resolve/main/added_tokens.json "HTTP/1.1 307 Temporary Redirect"
2026-06-26 05:42:14,337 | INFO | HTTP Request: HEAD https://huggingface.co/cross-encoder/ms-marco-MiniLM-L6-v2/resolve/main/added_tokens.json "HTTP/1.1 404 Not Found"
2026-06-26 05:42:14,384 | INFO | HTTP Request: HEAD https://huggingface.co/cross-encoder/ms-marco-MiniLM-L-6-v2/resolve/main/special_tokens_map.json "HTTP/1.1 307 Temporary Redirect"
2026-06-26 05:42:14,429 | INFO | HTTP Request: HEAD https://huggingface.co/cross-encoder/ms-marco-MiniLM-L6-v2/resolve/main/special_tokens_map.json "HTTP/1.1 307 Temporary Redirect"
2026-06-26 05:42:14,446 | INFO | HTTP Request: HEAD https://huggingface.co/api/resolve-cache/models/cross-encoder/ms-marco-MiniLM-L6-v2/c5ee24cb16019beea0893ab7796b1df96625c6b8/special_tokens_map.json "HTTP/1.1 200 OK"
2026-06-26 05:42:14,463 | INFO | HTTP Request: GET https://huggingface.co/api/resolve-cache/models/cross-encoder/ms-marco-MiniLM-L6-v2/c5ee24cb16019beea0893ab7796b1df96625c6b8/special_tokens_map.json "HTTP/1.1 200 OK"
2026-06-26 05:42:14,534 | INFO | HTTP Request: HEAD https://huggingface.co/cross-encoder/ms-marco-MiniLM-L-6-v2/resolve/main/chat_template.jinja "HTTP/1.1 307 Temporary Redirect"
2026-06-26 05:42:14,582 | INFO | HTTP Request: HEAD https://huggingface.co/cross-encoder/ms-marco-MiniLM-L6-v2/resolve/main/chat_template.jinja "HTTP/1.1 404 Not Found"
2026-06-26 05:42:14,635 | INFO | CROSS ENCODER LOADED
2026-06-26 05:42:17,521 | INFO | QUERY SUCCESS: terdakwa melakukan penangkapan ikan tanpa surat izin penangkapan ikan menggunakan kapal ikan sipi izin penangkapan ikan
2026-06-26 05:42:21,258 | INFO | QUERY SUCCESS: penangkapan ikan menggunakan bahan peledak bom ikan peledak potasium detonator
2026-06-26 05:42:25,046 | INFO | QUERY SUCCESS: penggunaan alat tangkap pukat harimau trawl alat tangkap jaring
2026-06-26 05:42:27,763 | INFO | QUERY SUCCESS: penggunaan alat tangkap pukat harimau trawl alat tangkap jaring
2026-06-26 05:42:30,559 | INFO | QUERY SUCCESS: penangkapan ikan tanpa surat izin penangkapan ikan sipi izin penangkapan ikan
2026-06-26 05:42:33,368 | INFO | QUERY SUCCESS: penggunaan alat tangkap pukat harimau trawl alat tangkap jaring
2026-06-26 05:42:37,456 | INFO | QUERY SUCCESS: penangkapan ikan menggunakan bahan peledak bom ikan peledak potasium detonator
2026-06-26 05:42:40,870 | INFO | QUERY SUCCESS: usaha perikanan tanpa surat izin usaha perikanan siup izin usaha perikanan
2026-06-26 05:42:43,628 | INFO | QUERY SUCCESS: tindak pidana perikanan
2026-06-26 05:42:46,407 | INFO | QUERY SUCCESS: penangkapan ikan tanpa surat izin penangkapan ikan sipi izin penangkapan ikan
2026-06-26 05:42:49,181 | INFO | QUERY SUCCESS: penangkapan ikan menggunakan bahan peledak bom ikan peledak potasium detonator
2026-06-26 05:42:53,613 | INFO | QUERY SUCCESS: penangkapan ikan tanpa surat izin penangkapan ikan sipi izin penangkapan ikan
2026-06-26 05:42:56,647 | INFO | QUERY SUCCESS: penggunaan alat tangkap pukat harimau trawl alat tangkap jaring
2026-06-26 05:42:59,396 | INFO | QUERY SUCCESS: penggunaan alat tangkap pukat harimau trawl alat tangkap jaring
2026-06-26 05:43:02,565 | INFO | QUERY SUCCESS: kapal asing melakukan penangkapan ikan vietnam thailand china malaysia berbendera asing
2026-06-26 05:43:06,396 | INFO | QUERY SUCCESS: kapal asing melakukan penangkapan ikan vietnam thailand china malaysia berbendera asing
2026-06-26 05:43:10,389 | INFO | QUERY SUCCESS: penangkapan ikan tanpa surat izin penangkapan ikan sipi izin penangkapan ikan
2026-06-26 05:43:14,451 | INFO | QUERY SUCCESS: penangkapan ikan menggunakan bahan peledak bom ikan peledak potasium detonator
2026-06-26 05:43:17,228 | INFO | QUERY SUCCESS: penangkapan ikan tanpa surat izin penangkapan ikan sipi izin penangkapan ikan
2026-06-26 05:43:20,370 | INFO | QUERY SUCCESS: penggunaan alat tangkap pukat harimau trawl alat tangkap jaring
2026-06-26 05:43:24,712 | INFO | QUERY SUCCESS: penangkapan ikan menggunakan bahan peledak bom ikan peledak potasium detonator
2026-06-26 05:43:27,521 | INFO | QUERY SUCCESS: penangkapan ikan tanpa surat izin penangkapan ikan sipi izin penangkapan ikan
2026-06-26 05:43:30,326 | INFO | QUERY SUCCESS: penggunaan alat tangkap pukat harimau trawl alat tangkap jaring
2026-06-26 05:43:33,101 | INFO | QUERY SUCCESS: tindak pidana perikanan
2026-06-26 05:43:36,677 | INFO | QUERY SUCCESS: tindak pidana perikanan
2026-06-26 05:43:40,565 | INFO | QUERY SUCCESS: penangkapan ikan menggunakan bahan peledak bom ikan peledak potasium detonator
2026-06-26 05:43:43,351 | INFO | QUERY SUCCESS: penangkapan ikan tanpa surat izin penangkapan ikan sipi izin penangkapan ikan
2026-06-26 05:43:46,139 | INFO | QUERY SUCCESS: penangkapan ikan menggunakan bahan peledak bom ikan peledak potasium detonator
2026-06-26 05:43:48,953 | INFO | QUERY SUCCESS: penangkapan ikan tanpa surat izin penangkapan ikan sipi izin penangkapan ikan
2026-06-26 05:43:53,005 | INFO | QUERY SUCCESS: penggunaan alat tangkap pukat harimau trawl alat tangkap jaring
2026-06-26 05:43:56,425 | INFO | QUERY SUCCESS: penangkapan ikan menggunakan bahan peledak bom ikan peledak potasium detonator
2026-06-26 05:43:56,474 | INFO | Evaluation saved
2026-06-26 05:43:56,869 | INFO | Visualization saved
2026-06-26 05:43:59,656 | INFO | QUERY SUCCESS: penangkapan ikan ilegal
2026-06-26 05:44:00,260 | INFO | Model artifacts saved
2026-06-26 05:44:00,270 | INFO | ===== NOTEBOOK 03 FINISHED =====
